{
  "RSpec": {
    "coverage": {
      "/home/patient-server-4714/tic-tac-toe-rb-online-web-sp-000/lib/tic_tac_toe.rb": [
        null,
        1,
        null,
        null,
        null,
        null,
        null,
        null,
        null,
        null,
        null,
        null,
        null,
        1,
        17,
        17,
        17,
        17,
        17,
        null,
        null,
        1,
        18481,
        null,
        null,
        1,
        17,
        null,
        null,
        1,
        18819,
        486,
        18333,
        18333,
        null,
        null,
        null,
        null,
        1,
        18481,
        155,
        0,
        155,
        17,
        null,
        null,
        null,
        1,
        18487,
        18484,
        18481,
        18481,
        17,
        17,
        null,
        18464,
        null,
        null,
        null,
        1,
        0,
        0,
        0,
        0,
        null,
        null,
        0,
        null,
        null,
        1,
        0,
        0,
        null,
        0,
        null,
        null,
        null,
        1,
        12,
        47,
        null,
        null,
        null,
        null,
        null,
        1,
        28,
        null,
        null,
        1,
        7,
        null,
        null,
        1,
        9,
        null,
        null,
        1,
        2,
        2,
        2,
        null,
        null,
        null,
        1,
        12,
        7,
        13,
        null,
        4,
        3,
        1,
        0,
        null,
        null,
        null
      ]
    },
    "timestamp": 1568812463
  }
}
