{
  "RSpec": {
    "coverage": {
      "/home/patient-server-4714/tic-tac-toe-rb-online-web-sp-000/lib/tic_tac_toe.rb": [
        null,
        1,
        null,
        null,
        null,
        null,
        null,
        null,
        null,
        null,
        null,
        null,
        null,
        1,
        14,
        14,
        14,
        14,
        14,
        null,
        null,
        1,
        14,
        null,
        null,
        1,
        14,
        null,
        null,
        1,
        117,
        98,
        19,
        19,
        null,
        null,
        null,
        null,
        1,
        14,
        14,
        0,
        14,
        14,
        null,
        null,
        null,
        1,
        14,
        14,
        14,
        14,
        14,
        14,
        null,
        0,
        null,
        null,
        null,
        1,
        0,
        0,
        0,
        0,
        null,
        null,
        0,
        null,
        null,
        1,
        0,
        0,
        null,
        0,
        null,
        null,
        null,
        1,
        36,
        163,
        null,
        null,
        null,
        null,
        null,
        1,
        105,
        null,
        null,
        1,
        19,
        null,
        null,
        1,
        15,
        null,
        null,
        1,
        5,
        5,
        5,
        null,
        null,
        null,
        1,
        12,
        14,
        null,
        12,
        6,
        6,
        3,
        null,
        null,
        null
      ]
    },
    "timestamp": 1568812782
  }
}
